{
  "stats": {
    "suites": 1,
    "tests": 1,
    "passes": 1,
    "pending": 0,
    "failures": 0,
    "start": "2025-02-01T14:08:17.976Z",
    "end": "2025-02-01T14:08:20.338Z",
    "duration": 2362,
    "testsRegistered": 1,
    "passPercent": 100,
    "pendingPercent": 0,
    "other": 0,
    "hasOther": false,
    "skipped": 0,
    "hasSkipped": false
  },
  "results": [
    {
      "uuid": "c45ab476-3de3-42ff-8e87-dec4a364d91a",
      "title": "",
      "fullFile": "cypress/e2e/about.cy.js",
      "file": "cypress/e2e/about.cy.js",
      "beforeHooks": [],
      "afterHooks": [],
      "tests": [],
      "suites": [
        {
          "uuid": "3c2cd433-c6b4-49b9-b102-847b483df615",
          "title": "About page",
          "fullFile": "",
          "file": "",
          "beforeHooks": [],
          "afterHooks": [],
          "tests": [
            {
              "title": "Clicking on the About button on the nav should redirect the user to the about page",
              "fullTitle": "About page Clicking on the About button on the nav should redirect the user to the about page",
              "timedOut": null,
              "duration": 1000,
              "state": "passed",
              "speed": "fast",
              "pass": true,
              "fail": false,
              "pending": false,
              "context": null,
              "code": "cy.visit('https://sweetshop.netlify.app/');\ncy.get(_locators.default.about_button).click();\ncy.url().should('eq', 'https://sweetshop.netlify.app/about');\ncy.get('.display-3').should('contain', 'Sweet Shop Project');\ncy.get('.my-4 > :nth-child(2)').should('contain', 'An intentionally broken web application to help demonstrate Chrome DevTools.');\ncy.get('.my-4 > :nth-child(3)').should('contain', 'Sweet Shop is a project created to help demonstrate some of the great features of the Chrome DevTools');",
              "err": {},
              "uuid": "b86c089f-4bcc-486d-8683-f34c856f0fb4",
              "parentUUID": "3c2cd433-c6b4-49b9-b102-847b483df615",
              "isHook": false,
              "skipped": false
            }
          ],
          "suites": [],
          "passes": [
            "b86c089f-4bcc-486d-8683-f34c856f0fb4"
          ],
          "failures": [],
          "pending": [],
          "skipped": [],
          "duration": 1000,
          "root": false,
          "rootEmpty": false,
          "_timeout": 2000
        }
      ],
      "passes": [],
      "failures": [],
      "pending": [],
      "skipped": [],
      "duration": 0,
      "root": true,
      "rootEmpty": true,
      "_timeout": 2000
    }
  ],
  "meta": {
    "mocha": {
      "version": "7.0.1"
    },
    "mochawesome": {
      "options": {
        "quiet": false,
        "reportFilename": "mochawesome",
        "saveHtml": true,
        "saveJson": true,
        "consoleReporter": "spec",
        "useInlineDiffs": false,
        "code": true
      },
      "version": "7.1.3"
    },
    "marge": {
      "options": {
        "id": "default",
        "reportDir": "cypress/reports",
        "overwrite": false,
        "html": true,
        "json": true,
        "screenshotsFolder": "./docs",
        "embeddedScreenshots": true
      },
      "version": "6.2.0"
    }
  }
}