{
  "stats": {
    "suites": 1,
    "tests": 4,
    "passes": 4,
    "pending": 0,
    "failures": 0,
    "start": "2025-02-01T14:17:01.842Z",
    "end": "2025-02-01T14:17:07.218Z",
    "duration": 5376,
    "testsRegistered": 4,
    "passPercent": 100,
    "pendingPercent": 0,
    "other": 0,
    "hasOther": false,
    "skipped": 0,
    "hasSkipped": false
  },
  "results": [
    {
      "uuid": "5f8c891f-53d0-4bc9-826f-637f998b0991",
      "title": "",
      "fullFile": "cypress/e2e/basket.cy.js",
      "file": "cypress/e2e/basket.cy.js",
      "beforeHooks": [],
      "afterHooks": [],
      "tests": [],
      "suites": [
        {
          "uuid": "e8ae8d44-4d8a-438a-98d0-75e646c7fe36",
          "title": "Basket features",
          "fullFile": "",
          "file": "",
          "beforeHooks": [],
          "afterHooks": [],
          "tests": [
            {
              "title": "A sweet should be added to the basket",
              "fullTitle": "Basket features A sweet should be added to the basket",
              "timedOut": null,
              "duration": 434,
              "state": "passed",
              "speed": "fast",
              "pass": true,
              "fail": false,
              "pending": false,
              "context": null,
              "code": "cy.addItemToBasket();\ncy.get('.badge').should(\"contain\", 1);",
              "err": {},
              "uuid": "f991a0b1-1135-435e-b021-2b6735e8600d",
              "parentUUID": "e8ae8d44-4d8a-438a-98d0-75e646c7fe36",
              "isHook": false,
              "skipped": false
            },
            {
              "title": "A sweet should be added to the basket and then deleted from it",
              "fullTitle": "Basket features A sweet should be added to the basket and then deleted from it",
              "timedOut": null,
              "duration": 471,
              "state": "passed",
              "speed": "fast",
              "pass": true,
              "fail": false,
              "pending": false,
              "context": null,
              "code": "cy.addItemToBasket();\ncy.get('.badge').should(\"contain\", 1);\ncy.get(_locators.default.basket_button_nav).click();\ncy.get('#basketCount').should('contain', '1');\ncy.get('.small').click();\ncy.get('#basketCount').should('contain', '0');",
              "err": {},
              "uuid": "9575969d-290c-421a-b02b-b7d97eee4f2d",
              "parentUUID": "e8ae8d44-4d8a-438a-98d0-75e646c7fe36",
              "isHook": false,
              "skipped": false
            },
            {
              "title": "A sweet should be purchased successfuly",
              "fullTitle": "Basket features A sweet should be purchased successfuly",
              "timedOut": null,
              "duration": 2757,
              "state": "passed",
              "speed": "fast",
              "pass": true,
              "fail": false,
              "pending": false,
              "context": null,
              "code": "cy.addItemToBasket();\ncy.get('.badge').should(\"contain\", 1);\ncy.get(_locators.default.basket_button_nav).click();\ncy.get(_locators.default.first_name).type(data.first_name);\ncy.get(_locators.default.last_name).type(data.last_name);\ncy.get('#email').type(data.email);\ncy.get('#address').type(data.adress);\ncy.get('#country').select(data.country);\ncy.get('#city').select(data.city);\ncy.get('#zip').type(data.zip);\ncy.get('#cc-name').type(data.cc_name);\ncy.get('#cc-number').type(data.cc_number);\ncy.get('#cc-expiration').type(data.cc_expiration);\ncy.get('#cc-cvv').type(data.cc_cvv);\ncy.get(_locators.default.checkout_button).click();",
              "err": {},
              "uuid": "1e50f742-f5f8-4da5-92d4-bd6201ad6969",
              "parentUUID": "e8ae8d44-4d8a-438a-98d0-75e646c7fe36",
              "isHook": false,
              "skipped": false
            },
            {
              "title": "Click on checkout without informing all the necessary inputs results in a warning to the user",
              "fullTitle": "Basket features Click on checkout without informing all the necessary inputs results in a warning to the user",
              "timedOut": null,
              "duration": 483,
              "state": "passed",
              "speed": "fast",
              "pass": true,
              "fail": false,
              "pending": false,
              "context": null,
              "code": "const validation = [{\n  selector: \":nth-child(1) > :nth-child(1) > .invalid-feedback\",\n  message: \"Valid first name is required\"\n}, {\n  selector: \":nth-child(1) > :nth-child(2) > .invalid-feedback\",\n  message: \"Valid last name is required\"\n}, {\n  selector: \".needs-validation > :nth-child(2) > .invalid-feedback\",\n  message: \"Please enter a valid email address for shipping updates\"\n}, {\n  selector: \".needs-validation > :nth-child(3) > .invalid-feedback\",\n  message: \"Please enter your shipping address\"\n}, {\n  selector: \".col-md-5 > .invalid-feedback\",\n  message: \"Please select a valid country\"\n}, {\n  selector: \".col-md-4 > .invalid-feedback\",\n  message: \"Please provide a valid state\"\n}, {\n  selector: \":nth-child(5) > .col-md-3 > .invalid-feedback\",\n  message: \"Zip code required\"\n}, {\n  selector: \":nth-child(8) > :nth-child(1) > .invalid-feedback\",\n  message: \"Name on card is required\"\n}, {\n  selector: \":nth-child(8) > :nth-child(2)\",\n  message: \"Credit card number is required\"\n}, {\n  selector: \":nth-child(9) > :nth-child(1)\",\n  message: \"Expiration date required\"\n}, {\n  selector: \":nth-child(9) > :nth-child(2)\",\n  message: \"Security code required\"\n}];\ncy.addItemToBasket();\ncy.get('.badge').should(\"contain\", 1);\ncy.get(_locators.default.basket_button_nav).click();\ncy.get(_locators.default.checkout_button).click();\nvalidation.forEach(element => {\n  cy.get(element.selector).should('contain', element.message);\n});",
              "err": {},
              "uuid": "43a57452-1170-4109-ab2c-dc86f1d72993",
              "parentUUID": "e8ae8d44-4d8a-438a-98d0-75e646c7fe36",
              "isHook": false,
              "skipped": false
            }
          ],
          "suites": [],
          "passes": [
            "f991a0b1-1135-435e-b021-2b6735e8600d",
            "9575969d-290c-421a-b02b-b7d97eee4f2d",
            "1e50f742-f5f8-4da5-92d4-bd6201ad6969",
            "43a57452-1170-4109-ab2c-dc86f1d72993"
          ],
          "failures": [],
          "pending": [],
          "skipped": [],
          "duration": 4145,
          "root": false,
          "rootEmpty": false,
          "_timeout": 2000
        }
      ],
      "passes": [],
      "failures": [],
      "pending": [],
      "skipped": [],
      "duration": 0,
      "root": true,
      "rootEmpty": true,
      "_timeout": 2000
    }
  ],
  "meta": {
    "mocha": {
      "version": "7.0.1"
    },
    "mochawesome": {
      "options": {
        "quiet": false,
        "reportFilename": "mochawesome",
        "saveHtml": true,
        "saveJson": true,
        "consoleReporter": "spec",
        "useInlineDiffs": false,
        "code": true
      },
      "version": "7.1.3"
    },
    "marge": {
      "options": {
        "id": "default",
        "reportDir": "cypress/reports",
        "overwrite": false,
        "html": true,
        "json": true,
        "screenshotsFolder": "./docs",
        "embeddedScreenshots": true
      },
      "version": "6.2.0"
    }
  }
}