{
  "stats": {
    "suites": 1,
    "tests": 4,
    "passes": 4,
    "pending": 0,
    "failures": 0,
    "start": "2025-02-01T13:25:34.216Z",
    "end": "2025-02-01T13:25:54.044Z",
    "duration": 19828,
    "testsRegistered": 4,
    "passPercent": 100,
    "pendingPercent": 0,
    "other": 0,
    "hasOther": false,
    "skipped": 0,
    "hasSkipped": false
  },
  "results": [
    {
      "uuid": "a595aa58-9bd4-4ce4-a8fc-d71cebc4aba1",
      "title": "",
      "fullFile": "cypress/e2e/basket.cy.js",
      "file": "cypress/e2e/basket.cy.js",
      "beforeHooks": [],
      "afterHooks": [],
      "tests": [],
      "suites": [
        {
          "uuid": "fb1339ca-059b-452c-a579-f45ef114d157",
          "title": "Basket features",
          "fullFile": "",
          "file": "",
          "beforeHooks": [],
          "afterHooks": [],
          "tests": [
            {
              "title": "A sweet should be added to the basket",
              "fullTitle": "Basket features A sweet should be added to the basket",
              "timedOut": null,
              "duration": 8261,
              "state": "passed",
              "speed": "medium",
              "pass": true,
              "fail": false,
              "pending": false,
              "context": null,
              "code": "cy.addItemToBasket();\ncy.get('.badge').should(\"contain\", 1);",
              "err": {},
              "uuid": "1c8a6d9f-1112-4ef3-9e59-19cd065227d1",
              "parentUUID": "fb1339ca-059b-452c-a579-f45ef114d157",
              "isHook": false,
              "skipped": false
            },
            {
              "title": "A sweet should be added to the basket and then deleted from it",
              "fullTitle": "Basket features A sweet should be added to the basket and then deleted from it",
              "timedOut": null,
              "duration": 3080,
              "state": "passed",
              "speed": "fast",
              "pass": true,
              "fail": false,
              "pending": false,
              "context": null,
              "code": "cy.addItemToBasket();\ncy.get('.badge').should(\"contain\", 1);\ncy.get(_locators.default.basket_button_nav).click();\ncy.get('#basketCount').should('contain', '1');\ncy.get('.small').click();\ncy.get('#basketCount').should('contain', '0');",
              "err": {},
              "uuid": "81cdc96e-b887-483c-beea-307add6fecbd",
              "parentUUID": "fb1339ca-059b-452c-a579-f45ef114d157",
              "isHook": false,
              "skipped": false
            },
            {
              "title": "A sweet should be purchased successfuly",
              "fullTitle": "Basket features A sweet should be purchased successfuly",
              "timedOut": null,
              "duration": 3903,
              "state": "passed",
              "speed": "fast",
              "pass": true,
              "fail": false,
              "pending": false,
              "context": null,
              "code": "cy.addItemToBasket();\ncy.get('.badge').should(\"contain\", 1);\ncy.get(_locators.default.basket_button_nav).click();\ncy.get(_locators.default.first_name).type(data.first_name);\ncy.get(_locators.default.last_name).type(data.last_name);\ncy.get('#email').type(data.email);\ncy.get('#address').type(data.adress);\ncy.get('#country').select(data.country);\ncy.get('#city').select(data.city);\ncy.get('#zip').type(data.zip);\ncy.get('#cc-name').type(data.cc_name);\ncy.get('#cc-number').type(data.cc_number);\ncy.get('#cc-expiration').type(data.cc_expiration);\ncy.get('#cc-cvv').type(data.cc_cvv);\ncy.get(_locators.default.checkout_button).click();",
              "err": {},
              "uuid": "427235a2-268c-40ea-9ffc-8b76f9050829",
              "parentUUID": "fb1339ca-059b-452c-a579-f45ef114d157",
              "isHook": false,
              "skipped": false
            },
            {
              "title": "Click on checkout without informing all the necessary inputs results in a warning to the user",
              "fullTitle": "Basket features Click on checkout without informing all the necessary inputs results in a warning to the user",
              "timedOut": null,
              "duration": 938,
              "state": "passed",
              "speed": "fast",
              "pass": true,
              "fail": false,
              "pending": false,
              "context": null,
              "code": "const validation = [{\n  selector: \":nth-child(1) > :nth-child(1) > .invalid-feedback\",\n  message: \"Valid first name is required\"\n}, {\n  selector: \":nth-child(1) > :nth-child(2) > .invalid-feedback\",\n  message: \"Valid last name is required\"\n}, {\n  selector: \".needs-validation > :nth-child(2) > .invalid-feedback\",\n  message: \"Please enter a valid email address for shipping updates\"\n}, {\n  selector: \".needs-validation > :nth-child(3) > .invalid-feedback\",\n  message: \"Please enter your shipping address\"\n}, {\n  selector: \".col-md-5 > .invalid-feedback\",\n  message: \"Please select a valid country\"\n}, {\n  selector: \".col-md-4 > .invalid-feedback\",\n  message: \"Please provide a valid state\"\n}, {\n  selector: \":nth-child(5) > .col-md-3 > .invalid-feedback\",\n  message: \"Zip code required\"\n}, {\n  selector: \":nth-child(8) > :nth-child(1) > .invalid-feedback\",\n  message: \"Name on card is required\"\n}, {\n  selector: \":nth-child(8) > :nth-child(2)\",\n  message: \"Credit card number is required\"\n}, {\n  selector: \":nth-child(9) > :nth-child(1)\",\n  message: \"Expiration date required\"\n}, {\n  selector: \":nth-child(9) > :nth-child(2)\",\n  message: \"Security code required\"\n}];\ncy.addItemToBasket();\ncy.get('.badge').should(\"contain\", 1);\ncy.get(_locators.default.basket_button_nav).click();\ncy.get(_locators.default.checkout_button).click();\nvalidation.forEach(element => {\n  cy.get(element.selector).should('contain', element.message);\n});",
              "err": {},
              "uuid": "cb0a9dc1-53bb-48e8-8a31-ad7eb676352f",
              "parentUUID": "fb1339ca-059b-452c-a579-f45ef114d157",
              "isHook": false,
              "skipped": false
            }
          ],
          "suites": [],
          "passes": [
            "1c8a6d9f-1112-4ef3-9e59-19cd065227d1",
            "81cdc96e-b887-483c-beea-307add6fecbd",
            "427235a2-268c-40ea-9ffc-8b76f9050829",
            "cb0a9dc1-53bb-48e8-8a31-ad7eb676352f"
          ],
          "failures": [],
          "pending": [],
          "skipped": [],
          "duration": 16182,
          "root": false,
          "rootEmpty": false,
          "_timeout": 2000
        }
      ],
      "passes": [],
      "failures": [],
      "pending": [],
      "skipped": [],
      "duration": 0,
      "root": true,
      "rootEmpty": true,
      "_timeout": 2000
    }
  ],
  "meta": {
    "mocha": {
      "version": "7.0.1"
    },
    "mochawesome": {
      "options": {
        "quiet": false,
        "reportFilename": "mochawesome",
        "saveHtml": true,
        "saveJson": true,
        "consoleReporter": "spec",
        "useInlineDiffs": false,
        "code": true
      },
      "version": "7.1.3"
    },
    "marge": {
      "options": {
        "id": "default",
        "reportDir": "./docs",
        "overwrite": false,
        "html": true,
        "json": true,
        "screenshotsFolder": "./docs",
        "embeddedScreenshots": true
      },
      "version": "6.2.0"
    }
  }
}